<?xml version="1.0" encoding="UTF-8"?>
<testsuite xmlns:xsi="http://www.w3.org/2001/XMLSchema-instance" xsi:noNamespaceSchemaLocation="https://maven.apache.org/surefire/maven-surefire-plugin/xsd/surefire-test-report-3.0.xsd" version="3.0" name="RunnerClass" time="44.477" tests="3" errors="0" skipped="0" failures="0">
  <properties>
[...]
</properties>
  <testcase name="runScenario[&quot;: Automating Test Practice site&quot;, &quot;Automating Test Practice site&quot;](1)" classname="RunnerClass" time="8.261">
    <system-out><![CDATA[
@smoke
Scenario: : Automating Test Practice site                                                                            # file:///C:/Users/ahamed.sabid/Downloads/REstAssured/MyBDD/src/test/resources/features/AutomationPract.feature:4
  Given I have a url "https://automationpanda.com/2021/12/29/want-to-practice-test-automation-try-these-demo-sites/" # stepDef.MyStepdefs.iHaveAUrl(java.lang.String)
  And wait for 5 seconds                                                                                             # stepDef.MyStepdefs.waitForSeconds(int)
  Then I verify the links are available                                                                              # stepDef.MyStepdefs.iVerifyTheLinksAreAvailable()
  And Close the browser                                                                                              # stepDef.MyStepdefs.closeTheBrowser()
]]></system-out>
    <system-err><![CDATA[SLF4J(W): No SLF4J providers were found.
SLF4J(W): Defaulting to no-operation (NOP) logger implementation
SLF4J(W): See https://www.slf4j.org/codes.html#noProviders for further details.
]]></system-err>
  </testcase>
  <testcase name="runScenario[&quot;This is my first scenario for my BDD&quot;, &quot;This a feature file for my BDD FW dev&quot;](2)" classname="RunnerClass" time="27.48">
    <system-out><![CDATA[
@smoke
Scenario: This is my first scenario for my BDD                         # file:///C:/Users/ahamed.sabid/Downloads/REstAssured/MyBDD/src/test/resources/features/MyFirstFeature.feature:4
  Given I have a url "https://demo.automationtesting.in/Register.html" # stepDef.MyStepdefs.iHaveAUrl(java.lang.String)
  When I fill firstname as "Ahamed" and Lastname as "Sabid"            # stepDef.MyStepdefs.iFillFirstnameAsAndLastnameAs(java.lang.String,java.lang.String)
  Then I fill address as "ABC"                                         # stepDef.MyStepdefs.iFillAddressAs(java.lang.String)
  And wait for 3 seconds                                               # stepDef.MyStepdefs.waitForSeconds(int)
  And Close the browser                                                # stepDef.MyStepdefs.closeTheBrowser()
]]></system-out>
  </testcase>
  <testcase name="runScenario[&quot;This is my second scenario for my BDD&quot;, &quot;This a feature file for my BDD FW dev&quot;](3)" classname="RunnerClass" time="7.269">
    <system-out><![CDATA[
@smoke
Scenario: This is my second scenario for my BDD                        # file:///C:/Users/ahamed.sabid/Downloads/REstAssured/MyBDD/src/test/resources/features/MyFirstFeature.feature:12
  Given I have a url "https://demo.automationtesting.in/Register.html" # stepDef.MyStepdefs.iHaveAUrl(java.lang.String)
  When I fill firstname as "Arun" and Lastname as "Kumar"              # stepDef.MyStepdefs.iFillFirstnameAsAndLastnameAs(java.lang.String,java.lang.String)
  Then I fill address as "TVM"                                         # stepDef.MyStepdefs.iFillAddressAs(java.lang.String)
  And wait for 3 seconds                                               # stepDef.MyStepdefs.waitForSeconds(int)
  And Close the browser                                                # stepDef.MyStepdefs.closeTheBrowser()
]]></system-out>
  </testcase>
</testsuite>