<?xml version="1.0" encoding="UTF-8"?>
<testng-results ignored="0" total="3" passed="3" failed="0" skipped="0">
  <reporter-output>
  </reporter-output>
  <suite started-at="2025-07-18T17:14:14 IST" name="Surefire suite" finished-at="2025-07-18T17:14:58 IST" duration-ms="43840">
    <groups>
      <group name="cucumber">
        <method signature="AbstractTestNGCucumberTests.runScenario(io.cucumber.testng.PickleWrapper,io.cucumber.testng.FeatureWrapper)[pri:0, instance:RunnerClass@76508ed1]" name="runScenario" class="io.cucumber.testng.AbstractTestNGCucumberTests"/>
      </group> <!-- cucumber -->
    </groups>
    <test started-at="2025-07-18T17:14:14 IST" name="Surefire test" finished-at="2025-07-18T17:14:58 IST" duration-ms="43840">
      <class name="RunnerClass">
        <test-method is-config="true" signature="setUpClass(org.testng.ITestContext)[pri:0, instance:RunnerClass@76508ed1]" started-at="2025-07-18T17:14:14 IST" name="setUpClass" finished-at="2025-07-18T17:14:15 IST" duration-ms="718" status="PASS">
          <params>
            <param index="0">
              <value>
                <![CDATA[org.testng.TestRunner@367ffa75]]>
              </value>
            </param>
          </params>
          <reporter-output>
          </reporter-output>
        </test-method> <!-- setUpClass -->
        <test-method signature="runScenario(io.cucumber.testng.PickleWrapper,io.cucumber.testng.FeatureWrapper)[pri:0, instance:RunnerClass@76508ed1]" started-at="2025-07-18T17:14:15 IST" name="runScenario" description="Runs Cucumber Scenarios" data-provider="scenarios" finished-at="2025-07-18T17:14:23 IST" duration-ms="8259" status="PASS">
          <params>
            <param index="0">
              <value>
                <![CDATA[": Automating Test Practice site"]]>
              </value>
            </param>
            <param index="1">
              <value>
                <![CDATA["Automating Test Practice site"]]>
              </value>
            </param>
          </params>
          <reporter-output>
          </reporter-output>
        </test-method> <!-- runScenario -->
        <test-method signature="runScenario(io.cucumber.testng.PickleWrapper,io.cucumber.testng.FeatureWrapper)[pri:0, instance:RunnerClass@76508ed1]" started-at="2025-07-18T17:14:23 IST" name="runScenario" description="Runs Cucumber Scenarios" data-provider="scenarios" finished-at="2025-07-18T17:14:51 IST" duration-ms="27483" status="PASS">
          <params>
            <param index="0">
              <value>
                <![CDATA["This is my first scenario for my BDD"]]>
              </value>
            </param>
            <param index="1">
              <value>
                <![CDATA["This a feature file for my BDD FW dev"]]>
              </value>
            </param>
          </params>
          <reporter-output>
          </reporter-output>
        </test-method> <!-- runScenario -->
        <test-method signature="runScenario(io.cucumber.testng.PickleWrapper,io.cucumber.testng.FeatureWrapper)[pri:0, instance:RunnerClass@76508ed1]" started-at="2025-07-18T17:14:51 IST" name="runScenario" description="Runs Cucumber Scenarios" data-provider="scenarios" finished-at="2025-07-18T17:14:58 IST" duration-ms="7268" status="PASS">
          <params>
            <param index="0">
              <value>
                <![CDATA["This is my second scenario for my BDD"]]>
              </value>
            </param>
            <param index="1">
              <value>
                <![CDATA["This a feature file for my BDD FW dev"]]>
              </value>
            </param>
          </params>
          <reporter-output>
          </reporter-output>
        </test-method> <!-- runScenario -->
        <test-method is-config="true" signature="tearDownClass()[pri:0, instance:RunnerClass@76508ed1]" started-at="2025-07-18T17:14:58 IST" name="tearDownClass" finished-at="2025-07-18T17:14:58 IST" duration-ms="42" status="PASS">
          <reporter-output>
          </reporter-output>
        </test-method> <!-- tearDownClass -->
      </class> <!-- RunnerClass -->
    </test> <!-- Surefire test -->
  </suite> <!-- Surefire suite -->
</testng-results>
